mode: set
github.com/prakasht9/bookings/internal/handlers/handlers.go:24.47,28.2 1 1
github.com/prakasht9/bookings/internal/handlers/handlers.go:31.33,33.2 1 1
github.com/prakasht9/bookings/internal/handlers/handlers.go:36.67,41.2 3 1
github.com/prakasht9/bookings/internal/handlers/handlers.go:44.68,56.2 5 1
github.com/prakasht9/bookings/internal/handlers/handlers.go:59.74,67.2 4 1
github.com/prakasht9/bookings/internal/handlers/handlers.go:70.78,73.16 2 1
github.com/prakasht9/bookings/internal/handlers/handlers.go:73.16,76.3 2 0
github.com/prakasht9/bookings/internal/handlers/handlers.go:78.2,89.19 6 1
github.com/prakasht9/bookings/internal/handlers/handlers.go:89.19,100.3 5 1
github.com/prakasht9/bookings/internal/handlers/handlers.go:101.2,102.66 2 0
github.com/prakasht9/bookings/internal/handlers/handlers.go:106.81,108.9 2 1
github.com/prakasht9/bookings/internal/handlers/handlers.go:108.9,114.3 5 1
github.com/prakasht9/bookings/internal/handlers/handlers.go:115.2,122.4 4 0
github.com/prakasht9/bookings/internal/handlers/handlers.go:126.71,130.2 1 1
github.com/prakasht9/bookings/internal/handlers/handlers.go:133.69,135.2 1 1
github.com/prakasht9/bookings/internal/handlers/handlers.go:138.75,140.2 1 0
github.com/prakasht9/bookings/internal/handlers/handlers.go:143.79,147.2 3 1
github.com/prakasht9/bookings/internal/handlers/handlers.go:155.79,163.16 3 1
github.com/prakasht9/bookings/internal/handlers/handlers.go:163.16,165.3 1 0
github.com/prakasht9/bookings/internal/handlers/handlers.go:167.2,169.14 3 1
github.com/prakasht9/bookings/internal/handlers/handlers.go:173.70,175.2 1 1
